# JRE version: OpenJDK Runtime Environment (8.0_242-b01) (build 1.8.0_242-release-1644-b01)
# Java VM: OpenJDK 64-Bit Server VM (25.242-b01 mixed mode windows-amd64 compressed oops)
Heap:
 PSYoungGen      total 473600K, used 219871K [0x00000000d5580000, 0x00000000f5700000, 0x0000000100000000)
  eden space 438784K, 42% used [0x00000000d5580000,0x00000000e0a3cad8,0x00000000f0200000)
  from space 34816K, 99% used [0x00000000f2c80000,0x00000000f4e7b510,0x00000000f4e80000)
  to   space 43520K, 0% used [0x00000000f0200000,0x00000000f0200000,0x00000000f2c80000)
 ParOldGen       total 190976K, used 66196K [0x0000000080000000, 0x000000008ba80000, 0x00000000d5580000)
  object space 190976K, 34% used [0x0000000080000000,0x00000000840a5310,0x000000008ba80000)
 Metaspace       used 86142K, capacity 90238K, committed 90264K, reserved 1128448K
  class space    used 11426K, capacity 12194K, committed 12208K, reserved 1048576K
GC Heap History (10 events):
Event: 7.325 GC heap before
{Heap before GC invocations=9 (full 2):
 PSYoungGen      total 244736K, used 228864K [0x00000000d5580000, 0x00000000e5580000, 0x0000000100000000)
  eden space 228864K, 100% used [0x00000000d5580000,0x00000000e3500000,0x00000000e3500000)
  from space 15872K, 0% used [0x00000000e4400000,0x00000000e4400000,0x00000000e5380000)
  to   space 15360K, 0% used [0x00000000e3500000,0x00000000e3500000,0x00000000e4400000)
 ParOldGen       total 127488K, used 15324K [0x0000000080000000, 0x0000000087c80000, 0x00000000d5580000)
  object space 127488K, 12% used [0x0000000080000000,0x0000000080ef73a0,0x0000000087c80000)
 Metaspace       used 45509K, capacity 47398K, committed 47528K, reserved 1089536K
  class space    used 6150K, capacity 6501K, committed 6576K, reserved 1048576K
Event: 7.342 GC heap after
Heap after GC invocations=9 (full 2):
 PSYoungGen      total 244224K, used 15330K [0x00000000d5580000, 0x00000000edd00000, 0x0000000100000000)
  eden space 228864K, 0% used [0x00000000d5580000,0x00000000d5580000,0x00000000e3500000)
  from space 15360K, 99% used [0x00000000e3500000,0x00000000e43f8a60,0x00000000e4400000)
  to   space 17920K, 0% used [0x00000000ecb80000,0x00000000ecb80000,0x00000000edd00000)
 ParOldGen       total 127488K, used 16796K [0x0000000080000000, 0x0000000087c80000, 0x00000000d5580000)
  object space 127488K, 13% used [0x0000000080000000,0x0000000081067140,0x0000000087c80000)
 Metaspace       used 45509K, capacity 47398K, committed 47528K, reserved 1089536K
  class space    used 6150K, capacity 6501K, committed 6576K, reserved 1048576K
}
Event: 9.073 GC heap before
{Heap before GC invocations=10 (full 2):
 PSYoungGen      total 244224K, used 161797K [0x00000000d5580000, 0x00000000edd00000, 0x0000000100000000)
  eden space 228864K, 63% used [0x00000000d5580000,0x00000000de4889d0,0x00000000e3500000)
  from space 15360K, 99% used [0x00000000e3500000,0x00000000e43f8a60,0x00000000e4400000)
  to   space 17920K, 0% used [0x00000000ecb80000,0x00000000ecb80000,0x00000000edd00000)
 ParOldGen       total 127488K, used 16796K [0x0000000080000000, 0x0000000087c80000, 0x00000000d5580000)
  object space 127488K, 13% used [0x0000000080000000,0x0000000081067140,0x0000000087c80000)
 Metaspace       used 56752K, capacity 59052K, committed 59160K, reserved 1099776K
  class space    used 7691K, capacity 8169K, committed 8240K, reserved 1048576K
Event: 9.095 GC heap after
Heap after GC invocations=10 (full 2):
 PSYoungGen      total 376320K, used 17900K [0x00000000d5580000, 0x00000000ee380000, 0x0000000100000000)
  eden space 358400K, 0% used [0x00000000d5580000,0x00000000d5580000,0x00000000eb380000)
  from space 17920K, 99% used [0x00000000ecb80000,0x00000000edcfb310,0x00000000edd00000)
  to   space 24576K, 0% used [0x00000000eb380000,0x00000000eb380000,0x00000000ecb80000)
 ParOldGen       total 127488K, used 25658K [0x0000000080000000, 0x0000000087c80000, 0x00000000d5580000)
  object space 127488K, 20% used [0x0000000080000000,0x000000008190e8c8,0x0000000087c80000)
 Metaspace       used 56752K, capacity 59052K, committed 59160K, reserved 1099776K
  class space    used 7691K, capacity 8169K, committed 8240K, reserved 1048576K
}
Event: 9.095 GC heap before
{Heap before GC invocations=11 (full 3):
 PSYoungGen      total 376320K, used 17900K [0x00000000d5580000, 0x00000000ee380000, 0x0000000100000000)
  eden space 358400K, 0% used [0x00000000d5580000,0x00000000d5580000,0x00000000eb380000)
  from space 17920K, 99% used [0x00000000ecb80000,0x00000000edcfb310,0x00000000edd00000)
  to   space 24576K, 0% used [0x00000000eb380000,0x00000000eb380000,0x00000000ecb80000)
 ParOldGen       total 127488K, used 25658K [0x0000000080000000, 0x0000000087c80000, 0x00000000d5580000)
  object space 127488K, 20% used [0x0000000080000000,0x000000008190e8c8,0x0000000087c80000)
 Metaspace       used 56752K, capacity 59052K, committed 59160K, reserved 1099776K
  class space    used 7691K, capacity 8169K, committed 8240K, reserved 1048576K
Event: 9.294 GC heap after
Heap after GC invocations=11 (full 3):
 PSYoungGen      total 376320K, used 0K [0x00000000d5580000, 0x00000000ee380000, 0x0000000100000000)
  eden space 358400K, 0% used [0x00000000d5580000,0x00000000d5580000,0x00000000eb380000)
  from space 17920K, 0% used [0x00000000ecb80000,0x00000000ecb80000,0x00000000edd00000)
  to   space 24576K, 0% used [0x00000000eb380000,0x00000000eb380000,0x00000000ecb80000)
 ParOldGen       total 190976K, used 39165K [0x0000000080000000, 0x000000008ba80000, 0x00000000d5580000)
  object space 190976K, 20% used [0x0000000080000000,0x000000008263f4a8,0x000000008ba80000)
 Metaspace       used 56706K, capacity 58896K, committed 59160K, reserved 1099776K
  class space    used 7677K, capacity 8143K, committed 8240K, reserved 1048576K
}
Event: 13.899 GC heap before
{Heap before GC invocations=12 (full 3):
 PSYoungGen      total 376320K, used 358400K [0x00000000d5580000, 0x00000000ee380000, 0x0000000100000000)
  eden space 358400K, 100% used [0x00000000d5580000,0x00000000eb380000,0x00000000eb380000)
  from space 17920K, 0% used [0x00000000ecb80000,0x00000000ecb80000,0x00000000edd00000)
  to   space 24576K, 0% used [0x00000000eb380000,0x00000000eb380000,0x00000000ecb80000)
 ParOldGen       total 190976K, used 39165K [0x0000000080000000, 0x000000008ba80000, 0x00000000d5580000)
  object space 190976K, 20% used [0x0000000080000000,0x000000008263f4a8,0x000000008ba80000)
 Metaspace       used 70673K, capacity 74262K, committed 74392K, reserved 1114112K
  class space    used 9647K, capacity 10320K, committed 10416K, reserved 1048576K
Event: 13.950 GC heap after
Heap after GC invocations=12 (full 3):
 PSYoungGen      total 382976K, used 24573K [0x00000000d5580000, 0x00000000f4e80000, 0x0000000100000000)
  eden space 358400K, 0% used [0x00000000d5580000,0x00000000d5580000,0x00000000eb380000)
  from space 24576K, 99% used [0x00000000eb380000,0x00000000ecb7f638,0x00000000ecb80000)
  to   space 34816K, 0% used [0x00000000f2c80000,0x00000000f2c80000,0x00000000f4e80000)
 ParOldGen       total 190976K, used 56766K [0x0000000080000000, 0x000000008ba80000, 0x00000000d5580000)
  object space 190976K, 29% used [0x0000000080000000,0x000000008376f860,0x000000008ba80000)
 Metaspace       used 70673K, capacity 74262K, committed 74392K, reserved 1114112K
  class space    used 9647K, capacity 10320K, committed 10416K, reserved 1048576K
}
Event: 23.001 GC heap before
{Heap before GC invocations=13 (full 3):
 PSYoungGen      total 382976K, used 382973K [0x00000000d5580000, 0x00000000f4e80000, 0x0000000100000000)
  eden space 358400K, 100% used [0x00000000d5580000,0x00000000eb380000,0x00000000eb380000)
  from space 24576K, 99% used [0x00000000eb380000,0x00000000ecb7f638,0x00000000ecb80000)
  to   space 34816K, 0% used [0x00000000f2c80000,0x00000000f2c80000,0x00000000f4e80000)
 ParOldGen       total 190976K, used 56766K [0x0000000080000000, 0x000000008ba80000, 0x00000000d5580000)
  object space 190976K, 29% used [0x0000000080000000,0x000000008376f860,0x000000008ba80000)
 Metaspace       used 76756K, capacity 80554K, committed 80664K, reserved 1118208K
  class space    used 10385K, capacity 11048K, committed 11056K, reserved 1048576K
Event: 23.068 GC heap after
Heap after GC invocations=13 (full 3):
 PSYoungGen      total 473600K, used 34797K [0x00000000d5580000, 0x00000000f5700000, 0x0000000100000000)
  eden space 438784K, 0% used [0x00000000d5580000,0x00000000d5580000,0x00000000f0200000)
  from space 34816K, 99% used [0x00000000f2c80000,0x00000000f4e7b510,0x00000000f4e80000)
  to   space 43520K, 0% used [0x00000000f0200000,0x00000000f0200000,0x00000000f2c80000)
 ParOldGen       total 190976K, used 66196K [0x0000000080000000, 0x000000008ba80000, 0x00000000d5580000)
  object space 190976K, 34% used [0x0000000080000000,0x00000000840a5310,0x000000008ba80000)
 Metaspace       used 76756K, capacity 80554K, committed 80664K, reserved 1118208K
  class space    used 10385K, capacity 11048K, committed 11056K, reserved 1048576K
}

